I/art     (19552): Late-enabling -Xcheck:jni
W/System  (19552): ClassLoader referenced unknown path: /data/app/com.marianaborgesmt.detoxcurse2.test-1/lib/arm64
I/MonitoringInstr(19552): newApplication called!
D/WordingCode(19552): m_isEnable = false
I/MonitoringInstr(19552): Instrumentation started!
I/AndroidJUnitRunner(19552): onCreate Bundle[{debug=false, detoxServer=ws://localhost:55782, detoxSessionId=19e8bbcf-4fe8-50db-9cf0-08fd0f32ce01}]
V/TestEventClient(19552): No service name argument was given (testDiscoveryService, testRunEventService or orchestratorService)
D/AndroidJUnitRunner(19552): onStart is called.
V/fb-UnpackingSoSource(19552): locked dso store /data/user/0/com.marianaborgesmt.detoxcurse2/lib-main
V/fb-UnpackingSoSource(19552): deps mismatch on deps store: regenerating
V/fb-UnpackingSoSource(19552): so store dirty: regenerating
D/ApkSoSource(19552): not allowing consideration of lib/arm64-v8a/libc++_shared.so: deferring to libdir
D/ApkSoSource(19552): not allowing consideration of lib/arm64-v8a/libcrypto.so: deferring to libdir
D/ApkSoSource(19552): not allowing consideration of lib/arm64-v8a/libevent-2.1.so: deferring to libdir
D/ApkSoSource(19552): not allowing consideration of lib/arm64-v8a/libevent_core-2.1.so: deferring to libdir
D/ApkSoSource(19552): not allowing consideration of lib/arm64-v8a/libevent_extra-2.1.so: deferring to libdir
D/ApkSoSource(19552): not allowing consideration of lib/arm64-v8a/libexpo-modules-core.so: deferring to libdir
D/ApkSoSource(19552): not allowing consideration of lib/arm64-v8a/libfabricjni.so: deferring to libdir
D/ApkSoSource(19552): not allowing consideration of lib/arm64-v8a/libfb.so: deferring to libdir
D/ApkSoSource(19552): not allowing consideration of lib/arm64-v8a/libfbjni.so: deferring to libdir
D/ApkSoSource(19552): not allowing consideration of lib/arm64-v8a/libflipper.so: deferring to libdir
D/ApkSoSource(19552): not allowing consideration of lib/arm64-v8a/libfolly_runtime.so: deferring to libdir
D/ApkSoSource(19552): not allowing consideration of lib/arm64-v8a/libgifimage.so: deferring to libdir
D/ApkSoSource(19552): not allowing consideration of lib/arm64-v8a/libglog.so: deferring to libdir
D/ApkSoSource(19552): not allowing consideration of lib/arm64-v8a/libglog_init.so: deferring to libdir
D/ApkSoSource(19552): not allowing consideration of lib/arm64-v8a/libhermes.so: deferring to libdir
D/ApkSoSource(19552): not allowing consideration of lib/arm64-v8a/libhermes_executor.so: deferring to libdir
D/ApkSoSource(19552): not allowing consideration of lib/arm64-v8a/libimagepipeline.so: deferring to libdir
D/ApkSoSource(19552): not allowing consideration of lib/arm64-v8a/libjsi.so: deferring to libdir
D/ApkSoSource(19552): not allowing consideration of lib/arm64-v8a/libjsijniprofiler.so: deferring to libdir
D/ApkSoSource(19552): not allowing consideration of lib/arm64-v8a/libjsinspector.so: deferring to libdir
D/ApkSoSource(19552): not allowing consideration of lib/arm64-v8a/liblog.so: deferring to libdir
D/ApkSoSource(19552): not allowing consideration of lib/arm64-v8a/liblogger.so: deferring to libdir
D/ApkSoSource(19552): not allowing consideration of lib/arm64-v8a/libmapbufferjni.so: deferring to libdir
D/ApkSoSource(19552): not allowing consideration of lib/arm64-v8a/libnative-filters.so: deferring to libdir
D/ApkSoSource(19552): not allowing consideration of lib/arm64-v8a/libnative-imagetranscoder.so: deferring to libdir
D/ApkSoSource(19552): not allowing consideration of lib/arm64-v8a/libreact_codegen_rncore.so: deferring to libdir
D/ApkSoSource(19552): not allowing consideration of lib/arm64-v8a/libreact_config.so: deferring to libdir
D/ApkSoSource(19552): not allowing consideration of lib/arm64-v8a/libreact_debug.so: deferring to libdir
D/ApkSoSource(19552): not allowing consideration of lib/arm64-v8a/libreact_nativemodule_core.so: deferring to libdir
D/ApkSoSource(19552): not allowing consideration of lib/arm64-v8a/libreact_newarchdefaults.so: deferring to libdir
D/ApkSoSource(19552): not allowing consideration of lib/arm64-v8a/libreact_render_animations.so: deferring to libdir
D/ApkSoSource(19552): not allowing consideration of lib/arm64-v8a/libreact_render_attributedstring.so: deferring to libdir
D/ApkSoSource(19552): not allowing consideration of lib/arm64-v8a/libreact_render_componentregistry.so: deferring to libdir
D/ApkSoSource(19552): not allowing consideration of lib/arm64-v8a/libreact_render_core.so: deferring to libdir
D/ApkSoSource(19552): not allowing consideration of lib/arm64-v8a/libreact_render_debug.so: deferring to libdir
D/ApkSoSource(19552): not allowing consideration of lib/arm64-v8a/libreact_render_element.so: deferring to libdir
D/ApkSoSource(19552): not allowing consideration of lib/arm64-v8a/libreact_render_graphics.so: deferring to libdir
D/ApkSoSource(19552): not allowing consideration of lib/arm64-v8a/libreact_render_imagemanager.so: deferring to libdir
D/ApkSoSource(19552): not allowing consideration of lib/arm64-v8a/libreact_render_leakchecker.so: deferring to libdir
D/ApkSoSource(19552): not allowing consideration of lib/arm64-v8a/libreact_render_mapbuffer.so: deferring to libdir
D/ApkSoSource(19552): not allowing consideration of lib/arm64-v8a/libreact_render_mounting.so: deferring to libdir
D/ApkSoSource(19552): not allowing consideration of lib/arm64-v8a/libreact_render_runtimescheduler.so: deferring to libdir
D/ApkSoSource(19552): not allowing consideration of lib/arm64-v8a/libreact_render_scheduler.so: deferring to libdir
D/ApkSoSource(19552): not allowing consideration of lib/arm64-v8a/libreact_render_telemetry.so: deferring to libdir
D/ApkSoSource(19552): not allowing consideration of lib/arm64-v8a/libreact_render_templateprocessor.so: deferring to libdir
D/ApkSoSource(19552): not allowing consideration of lib/arm64-v8a/libreact_render_textlayoutmanager.so: deferring to libdir
D/ApkSoSource(19552): not allowing consideration of lib/arm64-v8a/libreact_render_uimanager.so: deferring to libdir
D/ApkSoSource(19552): not allowing consideration of lib/arm64-v8a/libreact_utils.so: deferring to libdir
D/ApkSoSource(19552): not allowing consideration of lib/arm64-v8a/libreactnativeblob.so: deferring to libdir
D/ApkSoSource(19552): not allowing consideration of lib/arm64-v8a/libreactnativejni.so: deferring to libdir
D/ApkSoSource(19552): not allowing consideration of lib/arm64-v8a/libreactperfloggerjni.so: deferring to libdir
D/ApkSoSource(19552): not allowing consideration of lib/arm64-v8a/librrc_image.so: deferring to libdir
D/ApkSoSource(19552): not allowing consideration of lib/arm64-v8a/librrc_legacyviewmanagerinterop.so: deferring to libdir
D/ApkSoSource(19552): not allowing consideration of lib/arm64-v8a/librrc_root.so: deferring to libdir
D/ApkSoSource(19552): not allowing consideration of lib/arm64-v8a/librrc_scrollview.so: deferring to libdir
D/ApkSoSource(19552): not allowing consideration of lib/arm64-v8a/librrc_text.so: deferring to libdir
D/ApkSoSource(19552): not allowing consideration of lib/arm64-v8a/librrc_textinput.so: deferring to libdir
D/ApkSoSource(19552): not allowing consideration of lib/arm64-v8a/librrc_unimplementedview.so: deferring to libdir
D/ApkSoSource(19552): not allowing consideration of lib/arm64-v8a/librrc_view.so: deferring to libdir
D/ApkSoSource(19552): not allowing consideration of lib/arm64-v8a/libruntimeexecutor.so: deferring to libdir
D/ApkSoSource(19552): not allowing consideration of lib/arm64-v8a/libssl.so: deferring to libdir
D/ApkSoSource(19552): not allowing consideration of lib/arm64-v8a/libstatic-webp.so: deferring to libdir
D/ApkSoSource(19552): not allowing consideration of lib/arm64-v8a/libturbomodulejsijni.so: deferring to libdir
D/ApkSoSource(19552): not allowing consideration of lib/arm64-v8a/libyoga.so: deferring to libdir
V/fb-UnpackingSoSource(19552): regenerating DSO store com.facebook.soloader.ApkSoSource
V/fb-UnpackingSoSource(19552): Finished regenerating DSO store com.facebook.soloader.ApkSoSource
V/fb-UnpackingSoSource(19552): starting syncer worker
V/fb-UnpackingSoSource(19552): releasing dso store lock for /data/user/0/com.marianaborgesmt.detoxcurse2/lib-main (from syncer thread)
V/fb-UnpackingSoSource(19552): not releasing dso store lock for /data/user/0/com.marianaborgesmt.detoxcurse2/lib-main (syncer thread started)
V/SoLoader(19552): Init SoLoader delegate
W/unknown:ReactInstanceManagerBuilder(19552): You're not setting the JS Engine Resolution Algorithm. We'll try to load JSC first, and if it fails we'll fallback to Hermes
V/SoLoader(19552): libjscexecutor.so not found on /data/data/com.marianaborgesmt.detoxcurse2/lib-main
V/SoLoader(19552): libjscexecutor.so not found on /data/app/com.marianaborgesmt.detoxcurse2-1/lib/arm64
V/SoLoader(19552): libjscexecutor.so not found on /system/lib64
V/SoLoader(19552): libjscexecutor.so not found on /system/vendor/lib64
E/SoLoader(19552): couldn't find DSO to load: libjscexecutor.so
E/SoLoader(19552): 	SoSource 0: com.facebook.soloader.ApkSoSource[root = /data/data/com.marianaborgesmt.detoxcurse2/lib-main flags = 1]
E/SoLoader(19552): 	SoSource 1: com.facebook.soloader.DirectorySoSource[root = /data/app/com.marianaborgesmt.detoxcurse2-1/lib/arm64 flags = 0]
E/SoLoader(19552): 	SoSource 2: com.facebook.soloader.DirectorySoSource[root = /system/lib64 flags = 2]
E/SoLoader(19552): 	SoSource 3: com.facebook.soloader.DirectorySoSource[root = /system/vendor/lib64 flags = 2]
E/SoLoader(19552): 	Native lib dir: /data/app/com.marianaborgesmt.detoxcurse2-1/lib/arm64
E/SoLoader(19552):  result: 0
V/SoLoader(19552): libhermes.so not found on /data/data/com.marianaborgesmt.detoxcurse2/lib-main
D/SoLoader(19552): libhermes.so found on /data/app/com.marianaborgesmt.detoxcurse2-1/lib/arm64
D/SoLoader(19552): Not resolving dependencies for libhermes.so
W/linker  (19552): /data/app/com.marianaborgesmt.detoxcurse2-1/lib/arm64/liblog.so: unused DT entry: type 0x70000001 arg 0x0
W/linker  (19552): /data/app/com.marianaborgesmt.detoxcurse2-1/lib/arm64/libc++_shared.so: unused DT entry: type 0x70000001 arg 0x0
V/SoLoader(19552): libhermes_executor.so not found on /data/data/com.marianaborgesmt.detoxcurse2/lib-main
D/SoLoader(19552): libhermes_executor.so found on /data/app/com.marianaborgesmt.detoxcurse2-1/lib/arm64
D/SoLoader(19552): Not resolving dependencies for libhermes_executor.so
W/linker  (19552): /data/app/com.marianaborgesmt.detoxcurse2-1/lib/arm64/libruntimeexecutor.so: unused DT entry: type 0x70000001 arg 0x0
V/SoLoader(19552): libfbjni.so not found on /data/data/com.marianaborgesmt.detoxcurse2/lib-main
D/SoLoader(19552): libfbjni.so found on /data/app/com.marianaborgesmt.detoxcurse2-1/lib/arm64
D/SoLoader(19552): Not resolving dependencies for libfbjni.so
V/SoLoader(19552): libflipper.so not found on /data/data/com.marianaborgesmt.detoxcurse2/lib-main
D/SoLoader(19552): libflipper.so found on /data/app/com.marianaborgesmt.detoxcurse2-1/lib/arm64
D/SoLoader(19552): Not resolving dependencies for libflipper.so
D/SmartContainerConfig(19552): Configured features : 
I/nubialog(19552): Instrumentation callApplicationOnCreate() delay:348ms app:com.marianaborgesmt.detoxcurse2.MainApplication@140e34b
I/nubialog(19552):  finished message:{ delay=496ms dispatching=-496ms sending=-496ms what=110 obj=android.app.ActivityThread$AppBindData target=android.app.ActivityThread$H }
W/System.err(19552): SLF4J: Failed to load class "org.slf4j.impl.StaticLoggerBinder".
W/System.err(19552): SLF4J: Defaulting to no-operation (NOP) logger implementation
W/System.err(19552): SLF4J: See http://www.slf4j.org/codes.html#StaticLoggerBinder for further details.
D/TestRequestBuilder(19552): Using class path scanning to discover tests
I/TestRequestBuilder(19552): Scanning classpath to find tests in paths [/data/app/com.marianaborgesmt.detoxcurse2.test-1/base.apk]
V/SoLoader(19552): libreactnativejni.so not found on /data/data/com.marianaborgesmt.detoxcurse2/lib-main
D/SoLoader(19552): libreactnativejni.so found on /data/app/com.marianaborgesmt.detoxcurse2-1/lib/arm64
D/SoLoader(19552): Not resolving dependencies for libreactnativejni.so
D/AndroidJUnitRunner(19552): Use the raw file system for managing file I/O.
D/TestExecutor(19552): Adding listener androidx.test.internal.runner.listener.LogRunListener
D/TestExecutor(19552): Adding listener androidx.test.internal.runner.listener.InstrumentationResultPrinter
D/TestExecutor(19552): Adding listener androidx.test.internal.runner.listener.ActivityFinisherRunListener
D/TestExecutor(19552): Adding listener androidx.test.internal.runner.listener.TraceRunListener
I/TestRunner(19552): run started: 1 tests
I/TestRunner(19552): started: runDetoxTests(com.marianaborgesmt.detoxcurse2.DetoxTest)
D/EventInjectionStrategy(19552): Creating injection strategy with input manager.
D/AppCompatDelegate(19552): Checking for metadata for AppLocalesMetadataHolderService : Service not found
D/LifecycleMonitor(19552): Lifecycle status change: com.marianaborgesmt.detoxcurse2.MainActivity@fea8a00 in: PRE_ON_CREATE
W/art     (19552): Before Android 4.1, method android.graphics.PorterDuffColorFilter androidx.vectordrawable.graphics.drawable.VectorDrawableCompat.updateTintFilter(android.graphics.PorterDuffColorFilter, android.content.res.ColorStateList, android.graphics.PorterDuff$Mode) would have incorrectly overridden the package-private method in android.graphics.drawable.Drawable
D/WordingCode(19552): m_isEnable = false
D/LifecycleMonitor(19552): Lifecycle status change: com.marianaborgesmt.detoxcurse2.MainActivity@fea8a00 in: CREATED
D/LifecycleMonitor(19552): Lifecycle status change: com.marianaborgesmt.detoxcurse2.MainActivity@fea8a00 in: STARTED
D/LifecycleMonitor(19552): Lifecycle status change: com.marianaborgesmt.detoxcurse2.MainActivity@fea8a00 in: RESUMED
D/OpenGLRenderer(19552): Use EGL_SWAP_BEHAVIOR_PRESERVED: true
W/unknown:ReactNative(19552): Packager connection already open, nooping.
I/Adreno  (19552): QUALCOMM build                   : 721711f, Ica48926b88
I/Adreno  (19552): Build Date                       : 12/20/16
I/Adreno  (19552): OpenGL ES Shader Compiler Version: XE031.08.00.00
I/Adreno  (19552): Local Branch                     : 
I/Adreno  (19552): Remote Branch                    : refs/tags/AU_LINUX_ANDROID_LA.UM.5.3_RB1.06.00.01.211.063
I/Adreno  (19552): Remote Branch                    : NONE
I/Adreno  (19552): Reconstruct Branch               : NOTHING
I/OpenGLRenderer(19552): Initialized EGL, version 1.4
I/Detox   (19552): Detox server connection details: url=ws://localhost:55782, sessionId=19e8bbcf-4fe8-50db-9cf0-08fd0f32ce01
I/DetoxDispatcher(19552): Handling action '_init' (ID #0)...
I/Detox   (19552): Connecting to server...
I/DetoxWSClient(19552): At connectToServer
D/DetoxWSClient(19552): At onOpen
I/DetoxWSClient(19552): Sending out action 'login' (ID #0)
I/Detox   (19552): Connected to server!
D/DetoxWSClient(19552): Received action 'loginSuccess' (ID #0, params={"testerConnected":true,"appConnected":true})
D/DetoxWSClient(19552): Received action 'isReady' (ID #-1000, params={})
I/ExpoModulesCore(19552): ✅ AppContext was initialized
W/unknown:ReactContext(19552): initializeMessageQueueThreads() is called.
W/unknown:ReactNative(19552): Packager connection already open, nooping.
W/unknown:ViewManagerPropertyUpdater(19552): Could not find generated setter for class com.facebook.react.views.traceupdateoverlay.TraceUpdateOverlayManager
W/unknown:ViewManagerPropertyUpdater(19552): Could not find generated setter for class com.facebook.react.uimanager.LayoutShadowNode
W/unknown:ViewManagerPropertyUpdater(19552): Could not find generated setter for class com.facebook.react.views.drawer.ReactDrawerLayoutManager
W/unknown:ViewManagerPropertyUpdater(19552): Could not find generated setter for class com.facebook.react.views.scroll.ReactHorizontalScrollViewManager
W/unknown:ViewManagerPropertyUpdater(19552): Could not find generated setter for class com.facebook.react.views.scroll.ReactHorizontalScrollContainerViewManager
W/unknown:ViewManagerPropertyUpdater(19552): Could not find generated setter for class com.facebook.react.views.progressbar.ReactProgressBarViewManager
W/unknown:ViewManagerPropertyUpdater(19552): Could not find generated setter for class com.facebook.react.views.progressbar.ProgressBarShadowNode
W/unknown:ViewManagerPropertyUpdater(19552): Could not find generated setter for class com.facebook.react.views.scroll.ReactScrollViewManager
W/unknown:ViewManagerPropertyUpdater(19552): Could not find generated setter for class com.facebook.react.views.switchview.ReactSwitchManager
W/unknown:ViewManagerPropertyUpdater(19552): Could not find generated setter for class com.facebook.react.views.switchview.ReactSwitchManager$ReactSwitchShadowNode
W/unknown:ViewManagerPropertyUpdater(19552): Could not find generated setter for class com.facebook.react.views.swiperefresh.SwipeRefreshLayoutManager
W/unknown:ViewManagerPropertyUpdater(19552): Could not find generated setter for class com.facebook.react.views.text.frescosupport.FrescoBasedReactTextInlineImageViewManager
W/unknown:ViewManagerPropertyUpdater(19552): Could not find generated setter for class com.facebook.react.views.text.frescosupport.FrescoBasedReactTextInlineImageShadowNode
W/unknown:ViewManagerPropertyUpdater(19552): Could not find generated setter for class com.facebook.react.views.image.ReactImageManager
W/unknown:ViewManagerPropertyUpdater(19552): Could not find generated setter for class com.facebook.react.views.modal.ReactModalHostManager
W/unknown:ViewManagerPropertyUpdater(19552): Could not find generated setter for class com.facebook.react.views.modal.ModalHostShadowNode
W/unknown:ViewManagerPropertyUpdater(19552): Could not find generated setter for class com.facebook.react.views.text.ReactRawTextManager
W/unknown:ViewManagerPropertyUpdater(19552): Could not find generated setter for class com.facebook.react.views.text.ReactRawTextShadowNode
W/unknown:ViewManagerPropertyUpdater(19552): Could not find generated setter for class com.facebook.react.views.textinput.ReactTextInputManager
W/unknown:ViewManagerPropertyUpdater(19552): Could not find generated setter for class com.facebook.react.views.textinput.ReactTextInputShadowNode
W/unknown:ViewManagerPropertyUpdater(19552): Could not find generated setter for class com.facebook.react.views.text.ReactTextViewManager
W/unknown:ViewManagerPropertyUpdater(19552): Could not find generated setter for class com.facebook.react.views.text.ReactTextShadowNode
W/unknown:ViewManagerPropertyUpdater(19552): Could not find generated setter for class com.facebook.react.views.view.ReactViewManager
W/unknown:ViewManagerPropertyUpdater(19552): Could not find generated setter for class com.facebook.react.views.text.ReactVirtualTextViewManager
W/unknown:ViewManagerPropertyUpdater(19552): Could not find generated setter for class com.facebook.react.views.text.ReactVirtualTextShadowNode
W/unknown:ViewManagerPropertyUpdater(19552): Could not find generated setter for class com.facebook.react.views.unimplementedview.ReactUnimplementedViewManager
W/unknown:ViewManagerPropertyUpdater(19552): Could not find generated setter for class com.reactnativecommunity.picker.ReactDialogPickerManager
W/unknown:ViewManagerPropertyUpdater(19552): Could not find generated setter for class com.reactnativecommunity.picker.ReactPickerShadowNode
W/unknown:ViewManagerPropertyUpdater(19552): Could not find generated setter for class com.reactnativecommunity.picker.ReactDropdownPickerManager
W/unknown:ViewManagerPropertyUpdater(19552): Could not find generated setter for class com.swmansion.rnscreens.ScreenContainerViewManager
W/unknown:ViewManagerPropertyUpdater(19552): Could not find generated setter for class com.swmansion.rnscreens.ScreenViewManager
W/unknown:ViewManagerPropertyUpdater(19552): Could not find generated setter for class com.swmansion.rnscreens.ScreenStackViewManager
W/unknown:ViewManagerPropertyUpdater(19552): Could not find generated setter for class com.swmansion.rnscreens.ScreenStackHeaderConfigViewManager
W/unknown:ViewManagerPropertyUpdater(19552): Could not find generated setter for class com.swmansion.rnscreens.ScreenStackHeaderSubviewManager
W/unknown:ViewManagerPropertyUpdater(19552): Could not find generated setter for class com.swmansion.rnscreens.SearchBarManager
W/unknown:ViewManagerPropertyUpdater(19552): Could not find generated setter for class com.th3rdwave.safeareacontext.SafeAreaProviderManager
W/unknown:ViewManagerPropertyUpdater(19552): Could not find generated setter for class com.th3rdwave.safeareacontext.SafeAreaViewManager
W/unknown:ViewManagerPropertyUpdater(19552): Could not find generated setter for class com.th3rdwave.safeareacontext.SafeAreaViewShadowNode
W/unknown:ReactContext(19552): initializeMessageQueueThreads() is called.
V/SoLoader(19552): libyoga.so not found on /data/data/com.marianaborgesmt.detoxcurse2/lib-main
D/SoLoader(19552): libyoga.so found on /data/app/com.marianaborgesmt.detoxcurse2-1/lib/arm64
D/SoLoader(19552): Not resolving dependencies for libyoga.so
D/DetoxRNLoading(19552): Listener-proxy method called: onReactContextInitialized
I/DetoxRNLoading(19552): Got new RN-context async'ly through listener
D/DetoxRNLoading(19552): Listener-proxy method called: equals
I/DetoxRNIdleRes(19552): Setting up Espresso Idling Resources for React Native
D/AsyncStorageIR(19552): Checking whether a custom IR for Async-Storage is required... (legacy=false)
V/AsyncStorageExpoMigration(19552): No scoped database found
D/AsyncStorageIR(19552): IR for Async-Storage is required! (legacy=false)
D/AsyncStorageIR(19552): Checking whether a custom IR for Async-Storage is required... (legacy=true)
D/DetoxRNHelpers(19552): Native RN module resolution (class com.facebook.react.modules.storage.AsyncStorageModule): no such class
D/AsyncStorageIR(19552): Async-storage is busy!
I/DetoxDispatcher(19552): Done with action '_init'
I/DetoxDispatcher(19552): Handling action 'isReady' (ID #-1000)...
V/SoLoader(19552): libreactnativeblob.so not found on /data/data/com.marianaborgesmt.detoxcurse2/lib-main
D/SoLoader(19552): libreactnativeblob.so found on /data/app/com.marianaborgesmt.detoxcurse2-1/lib/arm64
D/SoLoader(19552): Not resolving dependencies for libreactnativeblob.so
I/WebViewFactory(19552): Loading com.google.android.webview version 106.0.5249.126 (code 524912603)
W/linker  (19552): /data/app/com.google.android.webview-2/lib/arm64/libwebviewchromium.so: unused DT entry: type 0x70000001 arg 0x0
W/ResourceType(19552): Found multiple library tables, ignoring...
I/art     (19552): Rejecting re-init on previously-failed class java.lang.Class<k50>
I/art     (19552): Rejecting re-init on previously-failed class java.lang.Class<k50>
I/art     (19552): Rejecting re-init on previously-failed class java.lang.Class<k50>
I/art     (19552): Rejecting re-init on previously-failed class java.lang.Class<k50>
I/cr_WVCFactoryProvider(19552): Loaded version=106.0.5249.126 minSdkVersion=23 isBundle=true multiprocess=false packageId=2
I/cr_LibraryLoader(19552): Successfully loaded native library
I/cr_CachingUmaRecorder(19552): Flushed 8 samples from 8 histograms.
V/SoLoader(19552): libexpo-modules-core.so not found on /data/data/com.marianaborgesmt.detoxcurse2/lib-main
D/SoLoader(19552): libexpo-modules-core.so found on /data/app/com.marianaborgesmt.detoxcurse2-1/lib/arm64
D/SoLoader(19552): Not resolving dependencies for libexpo-modules-core.so
V/SoLoader(19552): libturbomodulejsijni.so not found on /data/data/com.marianaborgesmt.detoxcurse2/lib-main
D/SoLoader(19552): libturbomodulejsijni.so found on /data/app/com.marianaborgesmt.detoxcurse2-1/lib/arm64
D/SoLoader(19552): Not resolving dependencies for libturbomodulejsijni.so
I/ExpoModulesCore(19552): ✅ JSI interop was installed
V/Settings(19552): invalidate [secure]: current 6 != cached 0
I/ExpoModulesCore(19552): ✅ Constants were exported
W/UiControllerImpl(19552): Waiting for: DYNAMIC_TASKS_HAVE_IDLED for 100 iterations.
W/UiControllerImpl(19552): Waiting for: DYNAMIC_TASKS_HAVE_IDLED for 200 iterations.
D/DetoxWSClient(19552): Received action 'currentStatus' (ID #1, params={})
I/DetoxDispatcher(19552): Handling action 'currentStatus' (ID #1)...
I/DetoxWSClient(19552): Sending out action 'currentStatusResult' (ID #1)
I/DetoxDispatcher(19552): Done with action 'currentStatus'
W/UiControllerImpl(19552): Waiting for: DYNAMIC_TASKS_HAVE_IDLED for 300 iterations.
W/unknown:ViewManagerPropertyUpdater(19552): Could not find generated setter for class com.swmansion.rnscreens.ScreensShadowNode
W/IdlingPolicy(19552): These resources are not idle: [LooperIdlingResource-23599-mqt_js]
I/Detox   (19552): Network is busy, with 1 in-flight calls
I/Detox   (19552): UIManagerModule is busy
I/Detox   (19552): UIManagerModule is busy
I/nubialog(19552):  finished message:{ delay=5355ms dispatching=-5s355ms sending=-5s355ms callback=androidx.test.espresso.core.internal.deps.guava.util.concurrent.ListenableFutureTask target=android.os.Handler }
I/Detox   (19552): Wait is over: App is now idle!
I/DetoxWSClient(19552): Sending out action 'ready' (ID #-1000)
I/DetoxDispatcher(19552): Done with action 'isReady'
I/DetoxDispatcher(19552): Handling action 'loginSuccess' (ID #0)...
I/DetoxDispatcher(19552): Done with action 'loginSuccess'
I/DetoxDispatcher(19552): Handling action 'isReady' (ID #-1000)...
I/Detox   (19552): Wait is over: App is now idle!
I/DetoxWSClient(19552): Sending out action 'ready' (ID #-1000)
I/DetoxDispatcher(19552): Done with action 'isReady'
D/DetoxWSClient(19552): Received action 'invoke' (ID #2, params={"target":{"type":"Class","value":"com.wix.detox.espresso.EspressoDetox"},"method":"perform","args":[{"type":"Invocation","value":{"target":{"type":"Class","value":"com.wix.detox.espresso.DetoxMatcher"},"method":"matcherForTestId","args":["homeSectionText-counters",{"type":"boolean","value":false}]}},{"type":"Invocation","value":{"target":{"type":"Class","value":"com.wix.detox.espresso.DetoxViewActions"},"method":"click","args":[]}}]})
I/DetoxDispatcher(19552): Handling action 'invoke' (ID #2)...
D/Detox   (19552): class com.wix.detox.espresso.DetoxMatcher, matcherForTestId, [homeSectionText-counters, false]
D/Detox   (19552): class com.wix.detox.espresso.DetoxViewActions, click, []
D/Detox   (19552): class com.wix.detox.espresso.EspressoDetox, perform, [(view.getTag() is "homeSectionText-counters" and view has effective visibility <VISIBLE>), com.wix.detox.espresso.action.RNClickAction@312d13a]
I/ViewInteraction(19552): Performing 'com.wix.detox.espresso.action.detoxsingletap@324cb48 click' action on view (view.getTag() is "homeSectionText-counters" and view has effective visibility <VISIBLE>)
V/Settings(19552): invalidate [system]: current 457 != cached 0
I/nubialog(19552):  finished message:{ delay=1089ms dispatching=-1s89ms sending=-1s89ms callback=androidx.test.espresso.core.internal.deps.guava.util.concurrent.ListenableFutureTask target=android.os.Handler }
I/DetoxWSClient(19552): Sending out action 'invokeResult' (ID #2)
I/DetoxDispatcher(19552): Done with action 'invoke'
D/DetoxWSClient(19552): Received action 'invoke' (ID #3, params={"target":{"type":"Class","value":"com.wix.detox.espresso.EspressoDetox"},"method":"perform","args":[{"type":"Invocation","value":{"target":{"type":"Class","value":"com.wix.detox.espresso.DetoxMatcher"},"method":"matcherForTestId","args":["countButton-days",{"type":"boolean","value":false}]}},{"type":"Invocation","value":{"target":{"type":"Class","value":"com.wix.detox.espresso.DetoxAction"},"method":"multiClick","args":[{"type":"Integer","value":4}]}}]})
I/DetoxDispatcher(19552): Handling action 'invoke' (ID #3)...
D/Detox   (19552): class com.wix.detox.espresso.DetoxMatcher, matcherForTestId, [countButton-days, false]
D/Detox   (19552): class com.wix.detox.espresso.DetoxAction, multiClick, [4]
D/Detox   (19552): class com.wix.detox.espresso.EspressoDetox, perform, [(view.getTag() is "countButton-days" and view has effective visibility <VISIBLE>), androidx.test.espresso.action.GeneralClickAction@4aa25d9]
I/ViewInteraction(19552): Performing 'com.wix.detox.espresso.action.detoxmultitap@2d06b9e click' action on view (view.getTag() is "countButton-days" and view has effective visibility <VISIBLE>)
I/Detox   (19552): UIManagerModule is busy
I/Detox   (19552): AnimatedModule is busy.
I/Detox   (19552): AnimatedModule is busy.
I/Detox   (19552): AnimatedModule is busy.
I/Detox   (19552): AnimatedModule is busy.
I/Detox   (19552): AnimatedModule is busy.
I/Detox   (19552): AnimatedModule is busy.
I/Detox   (19552): An